#
# There is insufficient memory for the Java Runtime Environment to continue.
# Native memory allocation (malloc) failed to allocate 2009760 bytes. Error detail: Chunk::new
# Possible reasons:
#   The system is out of physical RAM or swap space
#   This process is running with CompressedOops enabled, and the Java Heap may be blocking the growth of the native heap
# Possible solutions:
#   Reduce memory load on the system
#   Increase physical memory or swap space
#   Check if swap backing store is full
#   Decrease Java heap size (-Xmx/-Xms)
#   Decrease number of Java threads
#   Decrease Java thread stack sizes (-Xss)
#   Set larger code cache with -XX:ReservedCodeCacheSize=
#   JVM is running with Zero Based Compressed Oops mode in which the Java heap is
#     placed in the first 32GB address space. The Java Heap base address is the
#     maximum limit for the native heap growth. Please use -XX:HeapBaseMinAddress
#     to set the Java Heap base and to place the Java Heap above 32GB virtual address.
# This output file may be truncated or incomplete.
#
#  Out of Memory Error (arena.cpp:168), pid=21540, tid=22148
#
# JRE version: OpenJDK Runtime Environment Microsoft-13106404 (21.0.10+7) (build 21.0.10+7-LTS)
# Java VM: OpenJDK 64-Bit Server VM Microsoft-13106404 (21.0.10+7-LTS, mixed mode, sharing, tiered, compressed oops, compressed class ptrs, g1 gc, windows-amd64)
# No core dump will be written. Minidumps are not enabled by default on client versions of Windows
#

---------------  S U M M A R Y ------------

Command Line: -javaagent:C:\Users\0x6D617274696E\AppData\Local\JetBrains\IntelliJIdea2025.3\captureAgent\debugger-agent.jar=file:///C:/Users/0X6D61~1/AppData/Local/Temp/capture15143499171849241203.props -ea -Didea.test.cyclic.buffer.size=1048576 -javaagent:C:\Program Files\JetBrains\IntelliJ IDEA 2025.3.3\lib\idea_rt.jar=50494 -Dkotlinx.coroutines.debug.enable.creation.stack.trace=false -Ddebugger.agent.enable.coroutines=true -Dkotlinx.coroutines.debug.enable.flows.stack.trace=true -Dkotlinx.coroutines.debug.enable.mutable.state.flows.stack.trace=true -Ddebugger.async.stack.trace.for.all.threads=true -Dfile.encoding=UTF-8 -Dsun.stdout.encoding=UTF-8 -Dsun.stderr.encoding=UTF-8 com.intellij.rt.junit.JUnitStarter -ideVersion5 -junit5 org.serwin.discovery.DiscoveryApplicationTests

Host: Intel(R) Core(TM) i7-10700 CPU @ 2.90GHz, 16 cores, 15G,  Windows 11 , 64 bit Build 26100 (10.0.26100.7920)
Time: Thu Apr 16 10:17:33 2026 E. Africa Standard Time elapsed time: 2.412400 seconds (0d 0h 0m 2s)

---------------  T H R E A D  ---------------

Current thread (0x0000022ecef83460):  JavaThread "C2 CompilerThread1" daemon [_thread_in_native, id=22148, stack(0x000000e81e200000,0x000000e81e300000) (1024K)]


Current CompileTask:
C2:2412 1884       4       java.lang.invoke.MethodType::methodType (69 bytes)

Stack: [0x000000e81e200000,0x000000e81e300000]
Native frames: (J=compiled Java code, j=interpreted, Vv=VM code, C=native code)
V  [jvm.dll+0x6dfe69]  (no source info available)
V  [jvm.dll+0x8bfe4b]  (no source info available)
V  [jvm.dll+0x8c23da]  (no source info available)
V  [jvm.dll+0x8c2ab3]  (no source info available)
V  [jvm.dll+0x28a9e6]  (no source info available)
V  [jvm.dll+0xc903d]  (no source info available)
V  [jvm.dll+0xc958c]  (no source info available)
V  [jvm.dll+0x3c840c]  (no source info available)
V  [jvm.dll+0x394a32]  (no source info available)
V  [jvm.dll+0x393e8a]  (no source info available)
V  [jvm.dll+0x252670]  (no source info available)
V  [jvm.dll+0x251c93]  (no source info available)
V  [jvm.dll+0x1d1adf]  (no source info available)
V  [jvm.dll+0x26195a]  (no source info available)
V  [jvm.dll+0x25fcc5]  (no source info available)
V  [jvm.dll+0x402155]  (no source info available)
V  [jvm.dll+0x86ab8d]  (no source info available)
V  [jvm.dll+0x6e141d]  (no source info available)
C  [ucrtbase.dll+0x37b0]  (no source info available)
C  [KERNEL32.DLL+0x2e8d7]  (no source info available)
C  [ntdll.dll+0x8c48c]  (no source info available)


---------------  P R O C E S S  ---------------

Threads class SMR info:
_java_thread_list=0x0000022ef6f8ddd0, length=19, elements={
0x0000022ed142e7a0, 0x0000022ef0bd6a00, 0x0000022ef0bd7970, 0x0000022ef0bdb390,
0x0000022ef0bde2a0, 0x0000022ef1240490, 0x0000022ef1241000, 0x0000022ecef83b30,
0x0000022ecef86410, 0x0000022ecef82d90, 0x0000022ecef83460, 0x0000022ef15b2d20,
0x0000022ef1554160, 0x0000022ef16818c0, 0x0000022ef1695400, 0x0000022ecef84fa0,
0x0000022ef6885c70, 0x0000022ef688a090, 0x0000022ef68877b0
}

Java Threads: ( => current thread )
  0x0000022ed142e7a0 JavaThread "main"                              [_thread_in_vm, id=21276, stack(0x000000e81d100000,0x000000e81d200000) (1024K)]
  0x0000022ef0bd6a00 JavaThread "Reference Handler"          daemon [_thread_blocked, id=9048, stack(0x000000e81d900000,0x000000e81da00000) (1024K)]
  0x0000022ef0bd7970 JavaThread "Finalizer"                  daemon [_thread_blocked, id=2672, stack(0x000000e81da00000,0x000000e81db00000) (1024K)]
  0x0000022ef0bdb390 JavaThread "Signal Dispatcher"          daemon [_thread_blocked, id=20612, stack(0x000000e81db00000,0x000000e81dc00000) (1024K)]
  0x0000022ef0bde2a0 JavaThread "Attach Listener"            daemon [_thread_blocked, id=20616, stack(0x000000e81dc00000,0x000000e81dd00000) (1024K)]
  0x0000022ef1240490 JavaThread "Service Thread"             daemon [_thread_blocked, id=20620, stack(0x000000e81dd00000,0x000000e81de00000) (1024K)]
  0x0000022ef1241000 JavaThread "Monitor Deflation Thread"   daemon [_thread_blocked, id=20080, stack(0x000000e81de00000,0x000000e81df00000) (1024K)]
  0x0000022ecef83b30 JavaThread "C2 CompilerThread0"         daemon [_thread_in_native, id=22420, stack(0x000000e81df00000,0x000000e81e000000) (1024K)]
  0x0000022ecef86410 JavaThread "C1 CompilerThread0"         daemon [_thread_blocked, id=19732, stack(0x000000e81e000000,0x000000e81e100000) (1024K)]
  0x0000022ecef82d90 JavaThread "C1 CompilerThread1"         daemon [_thread_blocked, id=9312, stack(0x000000e81e100000,0x000000e81e200000) (1024K)]
=>0x0000022ecef83460 JavaThread "C2 CompilerThread1"         daemon [_thread_in_native, id=22148, stack(0x000000e81e200000,0x000000e81e300000) (1024K)]
  0x0000022ef15b2d20 JavaThread "Common-Cleaner"             daemon [_thread_blocked, id=22408, stack(0x000000e81e300000,0x000000e81e400000) (1024K)]
  0x0000022ef1554160 JavaThread "IntelliJ Suspend Helper"    daemon [_thread_blocked, id=21728, stack(0x000000e81e400000,0x000000e81e500000) (1024K)]
  0x0000022ef16818c0 JavaThread "Monitor Ctrl-Break"         daemon [_thread_in_native, id=18540, stack(0x000000e81e500000,0x000000e81e600000) (1024K)]
  0x0000022ef1695400 JavaThread "Notification Thread"        daemon [_thread_blocked, id=21012, stack(0x000000e81e600000,0x000000e81e700000) (1024K)]
  0x0000022ecef84fa0 JavaThread "C1 CompilerThread2"         daemon [_thread_blocked, id=22136, stack(0x000000e81ec00000,0x000000e81ed00000) (1024K)]
  0x0000022ef6885c70 JavaThread "C1 CompilerThread3"         daemon [_thread_blocked, id=17704, stack(0x000000e81ed00000,0x000000e81ee00000) (1024K)]
  0x0000022ef688a090 JavaThread "C2 CompilerThread2"         daemon [_thread_in_native, id=2904, stack(0x000000e81f000000,0x000000e81f100000) (1024K)]
  0x0000022ef68877b0 JavaThread "C2 CompilerThread3"         daemon [_thread_in_native, id=22432, stack(0x000000e81f100000,0x000000e81f200000) (1024K)]
Total: 19

Other Threads:
  0x0000022ef0bb5970 VMThread "VM Thread"                           [id=9064, stack(0x000000e81d800000,0x000000e81d900000) (1024K)]
  0x0000022ef0ba1be0 WatcherThread "VM Periodic Task Thread"        [id=21048, stack(0x000000e81d700000,0x000000e81d800000) (1024K)]
  0x0000022ed1496410 WorkerThread "GC Thread#0"                     [id=12336, stack(0x000000e81d200000,0x000000e81d300000) (1024K)]
  0x0000022ef62b3410 WorkerThread "GC Thread#1"                     [id=18064, stack(0x000000e81e700000,0x000000e81e800000) (1024K)]
  0x0000022ef60bbe50 WorkerThread "GC Thread#2"                     [id=21796, stack(0x000000e81e800000,0x000000e81e900000) (1024K)]
  0x0000022ef62ae130 WorkerThread "GC Thread#3"                     [id=22132, stack(0x000000e81e900000,0x000000e81ea00000) (1024K)]
  0x0000022ef6262ef0 WorkerThread "GC Thread#4"                     [id=22320, stack(0x000000e81ea00000,0x000000e81eb00000) (1024K)]
  0x0000022ef64fb4b0 WorkerThread "GC Thread#5"                     [id=3540, stack(0x000000e81eb00000,0x000000e81ec00000) (1024K)]
  0x0000022ef6b56020 WorkerThread "GC Thread#6"                     [id=3452, stack(0x000000e81ee00000,0x000000e81ef00000) (1024K)]
  0x0000022ef6c280c0 WorkerThread "GC Thread#7"                     [id=20192, stack(0x000000e81ef00000,0x000000e81f000000) (1024K)]
  0x0000022ed14a71f0 ConcurrentGCThread "G1 Main Marker"            [id=1952, stack(0x000000e81d300000,0x000000e81d400000) (1024K)]
  0x0000022ed14a8780 WorkerThread "G1 Conc#0"                       [id=13116, stack(0x000000e81d400000,0x000000e81d500000) (1024K)]
  0x0000022ef0a71760 ConcurrentGCThread "G1 Refine#0"               [id=21688, stack(0x000000e81d500000,0x000000e81d600000) (1024K)]
  0x0000022ef0a721f0 ConcurrentGCThread "G1 Service"                [id=21056, stack(0x000000e81d600000,0x000000e81d700000) (1024K)]
Total: 14

Threads with active compile tasks:
C2 CompilerThread0  2437 1901       4       java.lang.invoke.MethodType::makeImpl (109 bytes)
C2 CompilerThread1  2437 1884       4       java.lang.invoke.MethodType::methodType (69 bytes)
C2 CompilerThread2  2437 2000       4       java.math.BigInteger::destructiveMulAdd (150 bytes)
C2 CompilerThread3  2437 1994       4       java.util.HashMap::putVal (300 bytes)
Total: 4

VM state: not at safepoint (normal execution)

VM Mutex/Monitor currently owned by a thread: None

Heap address: 0x0000000704200000, size: 4030 MB, Compressed Oops mode: Zero based, Oop shift amount: 3

CDS archive(s) mapped at: [0x0000022e80000000-0x0000022e80c80000-0x0000022e80c80000), size 13107200, SharedBaseAddress: 0x0000022e80000000, ArchiveRelocationMode: 1.
Compressed class space mapped at: 0x0000022e81000000-0x0000022ec1000000, reserved size: 1073741824
Narrow klass base: 0x0000022e80000000, Narrow klass shift: 0, Narrow klass range: 0x100000000

GC Precious Log:
 CardTable entry size: 512
 Card Set container configuration: InlinePtr #cards 4 size 8 Array Of Cards #cards 16 size 48 Howl #buckets 8 coarsen threshold 3686 Howl Bitmap #cards 512 size 80 coarsen threshold 460 Card regions per heap region 1 cards per card region 4096
 CPUs: 16 total, 16 available
 Memory: 16117M
 Large Page Support: Disabled
 NUMA Support: Disabled
 Compressed Oops: Enabled (Zero based)
 Heap Region Size: 2M
 Heap Min Capacity: 8M
 Heap Initial Capacity: 252M
 Heap Max Capacity: 4030M
 Pre-touch: Disabled
 Parallel Workers: 13
 Concurrent Workers: 3
 Concurrent Refinement Workers: 13
 Periodic GC: Disabled

Heap:
 garbage-first heap   total 258048K, used 38468K [0x0000000704200000, 0x0000000800000000)
  region size 2048K, 17 young (34816K), 1 survivors (2048K)
 Metaspace       used 16275K, committed 16576K, reserved 1114112K
  class space    used 1879K, committed 2048K, reserved 1048576K

Heap Regions: E=young(eden), S=young(survivor), O=old, HS=humongous(starts), HC=humongous(continues), CS=collection set, F=free, TAMS=top-at-mark-start, PB=parsable bottom
|   0|0x0000000704200000, 0x0000000704400000, 0x0000000704400000|100%| O|  |TAMS 0x0000000704200000| PB 0x0000000704200000| Untracked 
|   1|0x0000000704400000, 0x0000000704600000, 0x0000000704600000|100%| O|  |TAMS 0x0000000704400000| PB 0x0000000704400000| Untracked 
|   2|0x0000000704600000, 0x0000000704800000, 0x0000000704800000|100%| O|  |TAMS 0x0000000704600000| PB 0x0000000704600000| Untracked 
|   3|0x0000000704800000, 0x00000007049f9ab8, 0x0000000704a00000| 98%| O|  |TAMS 0x0000000704800000| PB 0x0000000704800000| Untracked 
|   4|0x0000000704a00000, 0x0000000704a00000, 0x0000000704c00000|  0%| F|  |TAMS 0x0000000704a00000| PB 0x0000000704a00000| Untracked 
|   5|0x0000000704c00000, 0x0000000704c00000, 0x0000000704e00000|  0%| F|  |TAMS 0x0000000704c00000| PB 0x0000000704c00000| Untracked 
|   6|0x0000000704e00000, 0x0000000704e00000, 0x0000000705000000|  0%| F|  |TAMS 0x0000000704e00000| PB 0x0000000704e00000| Untracked 
|   7|0x0000000705000000, 0x0000000705000000, 0x0000000705200000|  0%| F|  |TAMS 0x0000000705000000| PB 0x0000000705000000| Untracked 
|   8|0x0000000705200000, 0x0000000705200000, 0x0000000705400000|  0%| F|  |TAMS 0x0000000705200000| PB 0x0000000705200000| Untracked 
|   9|0x0000000705400000, 0x0000000705400000, 0x0000000705600000|  0%| F|  |TAMS 0x0000000705400000| PB 0x0000000705400000| Untracked 
|  10|0x0000000705600000, 0x0000000705600000, 0x0000000705800000|  0%| F|  |TAMS 0x0000000705600000| PB 0x0000000705600000| Untracked 
|  11|0x0000000705800000, 0x0000000705800000, 0x0000000705a00000|  0%| F|  |TAMS 0x0000000705800000| PB 0x0000000705800000| Untracked 
|  12|0x0000000705a00000, 0x0000000705a00000, 0x0000000705c00000|  0%| F|  |TAMS 0x0000000705a00000| PB 0x0000000705a00000| Untracked 
|  13|0x0000000705c00000, 0x0000000705c00000, 0x0000000705e00000|  0%| F|  |TAMS 0x0000000705c00000| PB 0x0000000705c00000| Untracked 
|  14|0x0000000705e00000, 0x0000000705e00000, 0x0000000706000000|  0%| F|  |TAMS 0x0000000705e00000| PB 0x0000000705e00000| Untracked 
|  15|0x0000000706000000, 0x0000000706000000, 0x0000000706200000|  0%| F|  |TAMS 0x0000000706000000| PB 0x0000000706000000| Untracked 
|  16|0x0000000706200000, 0x0000000706200000, 0x0000000706400000|  0%| F|  |TAMS 0x0000000706200000| PB 0x0000000706200000| Untracked 
|  17|0x0000000706400000, 0x0000000706400000, 0x0000000706600000|  0%| F|  |TAMS 0x0000000706400000| PB 0x0000000706400000| Untracked 
|  18|0x0000000706600000, 0x0000000706600000, 0x0000000706800000|  0%| F|  |TAMS 0x0000000706600000| PB 0x0000000706600000| Untracked 
|  19|0x0000000706800000, 0x0000000706800000, 0x0000000706a00000|  0%| F|  |TAMS 0x0000000706800000| PB 0x0000000706800000| Untracked 
|  20|0x0000000706a00000, 0x0000000706a00000, 0x0000000706c00000|  0%| F|  |TAMS 0x0000000706a00000| PB 0x0000000706a00000| Untracked 
|  21|0x0000000706c00000, 0x0000000706c00000, 0x0000000706e00000|  0%| F|  |TAMS 0x0000000706c00000| PB 0x0000000706c00000| Untracked 
|  22|0x0000000706e00000, 0x0000000706e00000, 0x0000000707000000|  0%| F|  |TAMS 0x0000000706e00000| PB 0x0000000706e00000| Untracked 
|  23|0x0000000707000000, 0x0000000707000000, 0x0000000707200000|  0%| F|  |TAMS 0x0000000707000000| PB 0x0000000707000000| Untracked 
|  24|0x0000000707200000, 0x0000000707200000, 0x0000000707400000|  0%| F|  |TAMS 0x0000000707200000| PB 0x0000000707200000| Untracked 
|  25|0x0000000707400000, 0x0000000707400000, 0x0000000707600000|  0%| F|  |TAMS 0x0000000707400000| PB 0x0000000707400000| Untracked 
|  26|0x0000000707600000, 0x0000000707600000, 0x0000000707800000|  0%| F|  |TAMS 0x0000000707600000| PB 0x0000000707600000| Untracked 
|  27|0x0000000707800000, 0x0000000707800000, 0x0000000707a00000|  0%| F|  |TAMS 0x0000000707800000| PB 0x0000000707800000| Untracked 
|  28|0x0000000707a00000, 0x0000000707a00000, 0x0000000707c00000|  0%| F|  |TAMS 0x0000000707a00000| PB 0x0000000707a00000| Untracked 
|  29|0x0000000707c00000, 0x0000000707c00000, 0x0000000707e00000|  0%| F|  |TAMS 0x0000000707c00000| PB 0x0000000707c00000| Untracked 
|  30|0x0000000707e00000, 0x0000000707e00000, 0x0000000708000000|  0%| F|  |TAMS 0x0000000707e00000| PB 0x0000000707e00000| Untracked 
|  31|0x0000000708000000, 0x0000000708000000, 0x0000000708200000|  0%| F|  |TAMS 0x0000000708000000| PB 0x0000000708000000| Untracked 
|  32|0x0000000708200000, 0x0000000708200000, 0x0000000708400000|  0%| F|  |TAMS 0x0000000708200000| PB 0x0000000708200000| Untracked 
|  33|0x0000000708400000, 0x0000000708400000, 0x0000000708600000|  0%| F|  |TAMS 0x0000000708400000| PB 0x0000000708400000| Untracked 
|  34|0x0000000708600000, 0x0000000708600000, 0x0000000708800000|  0%| F|  |TAMS 0x0000000708600000| PB 0x0000000708600000| Untracked 
|  35|0x0000000708800000, 0x0000000708800000, 0x0000000708a00000|  0%| F|  |TAMS 0x0000000708800000| PB 0x0000000708800000| Untracked 
|  36|0x0000000708a00000, 0x0000000708a00000, 0x0000000708c00000|  0%| F|  |TAMS 0x0000000708a00000| PB 0x0000000708a00000| Untracked 
|  37|0x0000000708c00000, 0x0000000708c00000, 0x0000000708e00000|  0%| F|  |TAMS 0x0000000708c00000| PB 0x0000000708c00000| Untracked 
|  38|0x0000000708e00000, 0x0000000708e00000, 0x0000000709000000|  0%| F|  |TAMS 0x0000000708e00000| PB 0x0000000708e00000| Untracked 
|  39|0x0000000709000000, 0x0000000709000000, 0x0000000709200000|  0%| F|  |TAMS 0x0000000709000000| PB 0x0000000709000000| Untracked 
|  40|0x0000000709200000, 0x0000000709200000, 0x0000000709400000|  0%| F|  |TAMS 0x0000000709200000| PB 0x0000000709200000| Untracked 
|  41|0x0000000709400000, 0x0000000709400000, 0x0000000709600000|  0%| F|  |TAMS 0x0000000709400000| PB 0x0000000709400000| Untracked 
|  42|0x0000000709600000, 0x0000000709600000, 0x0000000709800000|  0%| F|  |TAMS 0x0000000709600000| PB 0x0000000709600000| Untracked 
|  43|0x0000000709800000, 0x0000000709800000, 0x0000000709a00000|  0%| F|  |TAMS 0x0000000709800000| PB 0x0000000709800000| Untracked 
|  44|0x0000000709a00000, 0x0000000709a00000, 0x0000000709c00000|  0%| F|  |TAMS 0x0000000709a00000| PB 0x0000000709a00000| Untracked 
|  45|0x0000000709c00000, 0x0000000709c00000, 0x0000000709e00000|  0%| F|  |TAMS 0x0000000709c00000| PB 0x0000000709c00000| Untracked 
|  46|0x0000000709e00000, 0x0000000709e00000, 0x000000070a000000|  0%| F|  |TAMS 0x0000000709e00000| PB 0x0000000709e00000| Untracked 
|  47|0x000000070a000000, 0x000000070a000000, 0x000000070a200000|  0%| F|  |TAMS 0x000000070a000000| PB 0x000000070a000000| Untracked 
|  48|0x000000070a200000, 0x000000070a200000, 0x000000070a400000|  0%| F|  |TAMS 0x000000070a200000| PB 0x000000070a200000| Untracked 
|  49|0x000000070a400000, 0x000000070a400000, 0x000000070a600000|  0%| F|  |TAMS 0x000000070a400000| PB 0x000000070a400000| Untracked 
|  50|0x000000070a600000, 0x000000070a600000, 0x000000070a800000|  0%| F|  |TAMS 0x000000070a600000| PB 0x000000070a600000| Untracked 
|  51|0x000000070a800000, 0x000000070a800000, 0x000000070aa00000|  0%| F|  |TAMS 0x000000070a800000| PB 0x000000070a800000| Untracked 
|  52|0x000000070aa00000, 0x000000070aa00000, 0x000000070ac00000|  0%| F|  |TAMS 0x000000070aa00000| PB 0x000000070aa00000| Untracked 
|  53|0x000000070ac00000, 0x000000070ac00000, 0x000000070ae00000|  0%| F|  |TAMS 0x000000070ac00000| PB 0x000000070ac00000| Untracked 
|  54|0x000000070ae00000, 0x000000070ae00000, 0x000000070b000000|  0%| F|  |TAMS 0x000000070ae00000| PB 0x000000070ae00000| Untracked 
|  55|0x000000070b000000, 0x000000070b000000, 0x000000070b200000|  0%| F|  |TAMS 0x000000070b000000| PB 0x000000070b000000| Untracked 
|  56|0x000000070b200000, 0x000000070b200000, 0x000000070b400000|  0%| F|  |TAMS 0x000000070b200000| PB 0x000000070b200000| Untracked 
|  57|0x000000070b400000, 0x000000070b400000, 0x000000070b600000|  0%| F|  |TAMS 0x000000070b400000| PB 0x000000070b400000| Untracked 
|  58|0x000000070b600000, 0x000000070b600000, 0x000000070b800000|  0%| F|  |TAMS 0x000000070b600000| PB 0x000000070b600000| Untracked 
|  59|0x000000070b800000, 0x000000070b800000, 0x000000070ba00000|  0%| F|  |TAMS 0x000000070b800000| PB 0x000000070b800000| Untracked 
|  60|0x000000070ba00000, 0x000000070ba00000, 0x000000070bc00000|  0%| F|  |TAMS 0x000000070ba00000| PB 0x000000070ba00000| Untracked 
|  61|0x000000070bc00000, 0x000000070bc00000, 0x000000070be00000|  0%| F|  |TAMS 0x000000070bc00000| PB 0x000000070bc00000| Untracked 
|  62|0x000000070be00000, 0x000000070be00000, 0x000000070c000000|  0%| F|  |TAMS 0x000000070be00000| PB 0x000000070be00000| Untracked 
|  63|0x000000070c000000, 0x000000070c000000, 0x000000070c200000|  0%| F|  |TAMS 0x000000070c000000| PB 0x000000070c000000| Untracked 
|  64|0x000000070c200000, 0x000000070c200000, 0x000000070c400000|  0%| F|  |TAMS 0x000000070c200000| PB 0x000000070c200000| Untracked 
|  65|0x000000070c400000, 0x000000070c400000, 0x000000070c600000|  0%| F|  |TAMS 0x000000070c400000| PB 0x000000070c400000| Untracked 
|  66|0x000000070c600000, 0x000000070c600000, 0x000000070c800000|  0%| F|  |TAMS 0x000000070c600000| PB 0x000000070c600000| Untracked 
|  67|0x000000070c800000, 0x000000070c800000, 0x000000070ca00000|  0%| F|  |TAMS 0x000000070c800000| PB 0x000000070c800000| Untracked 
|  68|0x000000070ca00000, 0x000000070ca00000, 0x000000070cc00000|  0%| F|  |TAMS 0x000000070ca00000| PB 0x000000070ca00000| Untracked 
|  69|0x000000070cc00000, 0x000000070cc00000, 0x000000070ce00000|  0%| F|  |TAMS 0x000000070cc00000| PB 0x000000070cc00000| Untracked 
|  70|0x000000070ce00000, 0x000000070ce00000, 0x000000070d000000|  0%| F|  |TAMS 0x000000070ce00000| PB 0x000000070ce00000| Untracked 
|  71|0x000000070d000000, 0x000000070d000000, 0x000000070d200000|  0%| F|  |TAMS 0x000000070d000000| PB 0x000000070d000000| Untracked 
|  72|0x000000070d200000, 0x000000070d200000, 0x000000070d400000|  0%| F|  |TAMS 0x000000070d200000| PB 0x000000070d200000| Untracked 
|  73|0x000000070d400000, 0x000000070d400000, 0x000000070d600000|  0%| F|  |TAMS 0x000000070d400000| PB 0x000000070d400000| Untracked 
|  74|0x000000070d600000, 0x000000070d600000, 0x000000070d800000|  0%| F|  |TAMS 0x000000070d600000| PB 0x000000070d600000| Untracked 
|  75|0x000000070d800000, 0x000000070d800000, 0x000000070da00000|  0%| F|  |TAMS 0x000000070d800000| PB 0x000000070d800000| Untracked 
|  76|0x000000070da00000, 0x000000070da00000, 0x000000070dc00000|  0%| F|  |TAMS 0x000000070da00000| PB 0x000000070da00000| Untracked 
|  77|0x000000070dc00000, 0x000000070dc00000, 0x000000070de00000|  0%| F|  |TAMS 0x000000070dc00000| PB 0x000000070dc00000| Untracked 
|  78|0x000000070de00000, 0x000000070de00000, 0x000000070e000000|  0%| F|  |TAMS 0x000000070de00000| PB 0x000000070de00000| Untracked 
|  79|0x000000070e000000, 0x000000070e000000, 0x000000070e200000|  0%| F|  |TAMS 0x000000070e000000| PB 0x000000070e000000| Untracked 
|  80|0x000000070e200000, 0x000000070e200000, 0x000000070e400000|  0%| F|  |TAMS 0x000000070e200000| PB 0x000000070e200000| Untracked 
|  81|0x000000070e400000, 0x000000070e400000, 0x000000070e600000|  0%| F|  |TAMS 0x000000070e400000| PB 0x000000070e400000| Untracked 
|  82|0x000000070e600000, 0x000000070e600000, 0x000000070e800000|  0%| F|  |TAMS 0x000000070e600000| PB 0x000000070e600000| Untracked 
|  83|0x000000070e800000, 0x000000070e800000, 0x000000070ea00000|  0%| F|  |TAMS 0x000000070e800000| PB 0x000000070e800000| Untracked 
|  84|0x000000070ea00000, 0x000000070ea00000, 0x000000070ec00000|  0%| F|  |TAMS 0x000000070ea00000| PB 0x000000070ea00000| Untracked 
|  85|0x000000070ec00000, 0x000000070ec00000, 0x000000070ee00000|  0%| F|  |TAMS 0x000000070ec00000| PB 0x000000070ec00000| Untracked 
|  86|0x000000070ee00000, 0x000000070ee00000, 0x000000070f000000|  0%| F|  |TAMS 0x000000070ee00000| PB 0x000000070ee00000| Untracked 
|  87|0x000000070f000000, 0x000000070f000000, 0x000000070f200000|  0%| F|  |TAMS 0x000000070f000000| PB 0x000000070f000000| Untracked 
|  88|0x000000070f200000, 0x000000070f200000, 0x000000070f400000|  0%| F|  |TAMS 0x000000070f200000| PB 0x000000070f200000| Untracked 
|  89|0x000000070f400000, 0x000000070f400000, 0x000000070f600000|  0%| F|  |TAMS 0x000000070f400000| PB 0x000000070f400000| Untracked 
|  90|0x000000070f600000, 0x000000070f600000, 0x000000070f800000|  0%| F|  |TAMS 0x000000070f600000| PB 0x000000070f600000| Untracked 
|  91|0x000000070f800000, 0x000000070f800000, 0x000000070fa00000|  0%| F|  |TAMS 0x000000070f800000| PB 0x000000070f800000| Untracked 
|  92|0x000000070fa00000, 0x000000070fa00000, 0x000000070fc00000|  0%| F|  |TAMS 0x000000070fa00000| PB 0x000000070fa00000| Untracked 
|  93|0x000000070fc00000, 0x000000070fc00000, 0x000000070fe00000|  0%| F|  |TAMS 0x000000070fc00000| PB 0x000000070fc00000| Untracked 
|  94|0x000000070fe00000, 0x000000070fe00000, 0x0000000710000000|  0%| F|  |TAMS 0x000000070fe00000| PB 0x000000070fe00000| Untracked 
|  95|0x0000000710000000, 0x0000000710000000, 0x0000000710200000|  0%| F|  |TAMS 0x0000000710000000| PB 0x0000000710000000| Untracked 
|  96|0x0000000710200000, 0x0000000710200000, 0x0000000710400000|  0%| F|  |TAMS 0x0000000710200000| PB 0x0000000710200000| Untracked 
|  97|0x0000000710400000, 0x0000000710400000, 0x0000000710600000|  0%| F|  |TAMS 0x0000000710400000| PB 0x0000000710400000| Untracked 
|  98|0x0000000710600000, 0x0000000710600000, 0x0000000710800000|  0%| F|  |TAMS 0x0000000710600000| PB 0x0000000710600000| Untracked 
|  99|0x0000000710800000, 0x0000000710800000, 0x0000000710a00000|  0%| F|  |TAMS 0x0000000710800000| PB 0x0000000710800000| Untracked 
| 100|0x0000000710a00000, 0x0000000710a00000, 0x0000000710c00000|  0%| F|  |TAMS 0x0000000710a00000| PB 0x0000000710a00000| Untracked 
| 101|0x0000000710c00000, 0x0000000710c00000, 0x0000000710e00000|  0%| F|  |TAMS 0x0000000710c00000| PB 0x0000000710c00000| Untracked 
| 102|0x0000000710e00000, 0x0000000710e00000, 0x0000000711000000|  0%| F|  |TAMS 0x0000000710e00000| PB 0x0000000710e00000| Untracked 
| 103|0x0000000711000000, 0x0000000711000000, 0x0000000711200000|  0%| F|  |TAMS 0x0000000711000000| PB 0x0000000711000000| Untracked 
| 104|0x0000000711200000, 0x0000000711200000, 0x0000000711400000|  0%| F|  |TAMS 0x0000000711200000| PB 0x0000000711200000| Untracked 
| 105|0x0000000711400000, 0x0000000711400000, 0x0000000711600000|  0%| F|  |TAMS 0x0000000711400000| PB 0x0000000711400000| Untracked 
| 106|0x0000000711600000, 0x0000000711600000, 0x0000000711800000|  0%| F|  |TAMS 0x0000000711600000| PB 0x0000000711600000| Untracked 
| 107|0x0000000711800000, 0x0000000711800000, 0x0000000711a00000|  0%| F|  |TAMS 0x0000000711800000| PB 0x0000000711800000| Untracked 
| 108|0x0000000711a00000, 0x0000000711a00000, 0x0000000711c00000|  0%| F|  |TAMS 0x0000000711a00000| PB 0x0000000711a00000| Untracked 
| 109|0x0000000711c00000, 0x0000000711d5af10, 0x0000000711e00000| 67%| E|  |TAMS 0x0000000711c00000| PB 0x0000000711c00000| Complete 
| 110|0x0000000711e00000, 0x0000000712000000, 0x0000000712000000|100%| E|CS|TAMS 0x0000000711e00000| PB 0x0000000711e00000| Complete 
| 111|0x0000000712000000, 0x0000000712200000, 0x0000000712200000|100%| E|CS|TAMS 0x0000000712000000| PB 0x0000000712000000| Complete 
| 112|0x0000000712200000, 0x00000007123978f8, 0x0000000712400000| 79%| S|CS|TAMS 0x0000000712200000| PB 0x0000000712200000| Complete 
| 113|0x0000000712400000, 0x0000000712600000, 0x0000000712600000|100%| E|  |TAMS 0x0000000712400000| PB 0x0000000712400000| Complete 
| 114|0x0000000712600000, 0x0000000712800000, 0x0000000712800000|100%| E|CS|TAMS 0x0000000712600000| PB 0x0000000712600000| Complete 
| 115|0x0000000712800000, 0x0000000712a00000, 0x0000000712a00000|100%| E|CS|TAMS 0x0000000712800000| PB 0x0000000712800000| Complete 
| 116|0x0000000712a00000, 0x0000000712c00000, 0x0000000712c00000|100%| E|CS|TAMS 0x0000000712a00000| PB 0x0000000712a00000| Complete 
| 117|0x0000000712c00000, 0x0000000712e00000, 0x0000000712e00000|100%| E|CS|TAMS 0x0000000712c00000| PB 0x0000000712c00000| Complete 
| 118|0x0000000712e00000, 0x0000000713000000, 0x0000000713000000|100%| E|CS|TAMS 0x0000000712e00000| PB 0x0000000712e00000| Complete 
| 119|0x0000000713000000, 0x0000000713200000, 0x0000000713200000|100%| E|CS|TAMS 0x0000000713000000| PB 0x0000000713000000| Complete 
| 120|0x0000000713200000, 0x0000000713400000, 0x0000000713400000|100%| E|CS|TAMS 0x0000000713200000| PB 0x0000000713200000| Complete 
| 121|0x0000000713400000, 0x0000000713600000, 0x0000000713600000|100%| E|CS|TAMS 0x0000000713400000| PB 0x0000000713400000| Complete 
| 122|0x0000000713600000, 0x0000000713800000, 0x0000000713800000|100%| E|CS|TAMS 0x0000000713600000| PB 0x0000000713600000| Complete 
| 123|0x0000000713800000, 0x0000000713a00000, 0x0000000713a00000|100%| E|CS|TAMS 0x0000000713800000| PB 0x0000000713800000| Complete 
| 124|0x0000000713a00000, 0x0000000713c00000, 0x0000000713c00000|100%| E|CS|TAMS 0x0000000713a00000| PB 0x0000000713a00000| Complete 
| 125|0x0000000713c00000, 0x0000000713e00000, 0x0000000713e00000|100%| E|CS|TAMS 0x0000000713c00000| PB 0x0000000713c00000| Complete 

Card table byte_map: [0x0000022ee9b90000,0x0000022eea370000] _byte_map_base: 0x0000022ee636f000

Marking Bits: (CMBitMap*) 0x0000022ed1496a30
 Bits: [0x0000022eea370000, 0x0000022eee268000)

Polling page: 0x0000022ecf270000

Metaspace:

Usage:
  Non-class:     14.07 MB used.
      Class:      1.84 MB used.
       Both:     15.91 MB used.

Virtual space:
  Non-class space:       64.00 MB reserved,      14.19 MB ( 22%) committed,  1 nodes.
      Class space:        1.00 GB reserved,       2.00 MB ( <1%) committed,  1 nodes.
             Both:        1.06 GB reserved,      16.19 MB (  1%) committed. 

Chunk freelists:
   Non-Class:  1.00 MB
       Class:  14.00 MB
        Both:  15.00 MB

MaxMetaspaceSize: unlimited
CompressedClassSpaceSize: 1.00 GB
Initial GC threshold: 21.00 MB
Current GC threshold: 21.00 MB
CDS: on
 - commit_granule_bytes: 65536.
 - commit_granule_words: 8192.
 - virtual_space_node_default_size: 8388608.
 - enlarge_chunks_in_place: 1.
 - use_allocation_guard: 0.


Internal statistics:

num_allocs_failed_limit: 0.
num_arena_births: 216.
num_arena_deaths: 0.
num_vsnodes_births: 2.
num_vsnodes_deaths: 0.
num_space_committed: 259.
num_space_uncommitted: 0.
num_chunks_returned_to_freelist: 0.
num_chunks_taken_from_freelist: 650.
num_chunk_merges: 0.
num_chunk_splits: 358.
num_chunks_enlarged: 229.
num_inconsistent_stats: 0.

CodeHeap 'non-profiled nmethods': size=119168Kb used=785Kb max_used=785Kb free=118382Kb
 bounds [0x0000022ee16d0000, 0x0000022ee1940000, 0x0000022ee8b30000]
CodeHeap 'profiled nmethods': size=119104Kb used=3892Kb max_used=3892Kb free=115211Kb
 bounds [0x0000022ed9b30000, 0x0000022ed9f00000, 0x0000022ee0f80000]
CodeHeap 'non-nmethods': size=7488Kb used=3025Kb max_used=3054Kb free=4462Kb
 bounds [0x0000022ee0f80000, 0x0000022ee1290000, 0x0000022ee16d0000]
CodeCache: size=245760Kb, used=7702Kb, max_used=7731Kb, free=238055Kb
 total_blobs=2484, nmethods=1984, adapters=401, full_count=0
Compilation: enabled, stopped_count=0, restarted_count=0

Compilation events (20 events):
Event: 1.383 Thread 0x0000022ef6885c70 nmethod 1975 0x0000022ed9eeaa90 code [0x0000022ed9eeaf00, 0x0000022ed9eecc68]
Event: 1.389 Thread 0x0000022ef6885c70 1981       3       sun.security.util.ObjectIdentifier::checkOtherComponent (41 bytes)
Event: 1.390 Thread 0x0000022ef6885c70 nmethod 1981 0x0000022ed9eed910 code [0x0000022ed9eedb60, 0x0000022ed9eee200]
Event: 1.396 Thread 0x0000022ef6885c70 1982       1       sun.security.util.KnownOIDs::value (5 bytes)
Event: 1.396 Thread 0x0000022ecef82d90 1983       3       java.util.Arrays::asList (9 bytes)
Event: 1.396 Thread 0x0000022ecef86410 1984       3       java.util.Arrays$ArrayList::<init> (16 bytes)
Event: 1.396 Thread 0x0000022ef6885c70 nmethod 1982 0x0000022ee178a110 code [0x0000022ee178a2a0, 0x0000022ee178a370]
Event: 1.396 Thread 0x0000022ecef82d90 nmethod 1983 0x0000022ed9eee510 code [0x0000022ed9eee700, 0x0000022ed9eeeb80]
Event: 1.396 Thread 0x0000022ecef86410 nmethod 1984 0x0000022ed9eeed10 code [0x0000022ed9eeeee0, 0x0000022ed9eef2c8]
Event: 1.396 Thread 0x0000022ef6885c70 1985       1       java.security.Provider$Service::getType (5 bytes)
Event: 1.396 Thread 0x0000022ecef84fa0 1986       1       java.security.Provider$Service::getAlgorithm (5 bytes)
Event: 1.396 Thread 0x0000022ecef86410 1988       3       java.security.Provider$ServiceKey::hashCode (19 bytes)
Event: 1.396 Thread 0x0000022ecef82d90 1987       1       java.security.Provider$Service::getAliases (5 bytes)
Event: 1.396 Thread 0x0000022ef6885c70 nmethod 1985 0x0000022ee178a410 code [0x0000022ee178a5a0, 0x0000022ee178a670]
Event: 1.396 Thread 0x0000022ecef84fa0 nmethod 1986 0x0000022ee178a710 code [0x0000022ee178a8a0, 0x0000022ee178a970]
Event: 1.397 Thread 0x0000022ecef82d90 nmethod 1987 0x0000022ee178aa10 code [0x0000022ee178aba0, 0x0000022ee178ac70]
Event: 1.397 Thread 0x0000022ecef86410 nmethod 1988 0x0000022ed9eef490 code [0x0000022ed9eef640, 0x0000022ed9eef7e0]
Event: 1.400 Thread 0x0000022ef688a090 nmethod 1935 0x0000022ee178ad10 code [0x0000022ee178af40, 0x0000022ee178c000]
Event: 1.400 Thread 0x0000022ef688a090 1937       4       java.lang.String::<init> (22 bytes)
Event: 1.400 Thread 0x0000022ecef86410 1989       3       java.util.Arrays::copyOfRange (90 bytes)

GC Heap History (4 events):
Event: 0.606 GC heap before
{Heap before GC invocations=0 (full 0):
 garbage-first heap   total 258048K, used 20480K [0x0000000704200000, 0x0000000800000000)
  region size 2048K, 11 young (22528K), 0 survivors (0K)
 Metaspace       used 5573K, committed 5760K, reserved 1114112K
  class space    used 528K, committed 640K, reserved 1048576K
}
Event: 0.628 GC heap after
{Heap after GC invocations=1 (full 0):
 garbage-first heap   total 258048K, used 8466K [0x0000000704200000, 0x0000000800000000)
  region size 2048K, 2 young (4096K), 2 survivors (4096K)
 Metaspace       used 5573K, committed 5760K, reserved 1114112K
  class space    used 528K, committed 640K, reserved 1048576K
}
Event: 1.017 GC heap before
{Heap before GC invocations=1 (full 0):
 garbage-first heap   total 258048K, used 30994K [0x0000000704200000, 0x0000000800000000)
  region size 2048K, 13 young (26624K), 2 survivors (4096K)
 Metaspace       used 11220K, committed 11520K, reserved 1114112K
  class space    used 1258K, committed 1408K, reserved 1048576K
}
Event: 1.022 GC heap after
{Heap after GC invocations=2 (full 0):
 garbage-first heap   total 258048K, used 9796K [0x0000000704200000, 0x0000000800000000)
  region size 2048K, 1 young (2048K), 1 survivors (2048K)
 Metaspace       used 11220K, committed 11520K, reserved 1114112K
  class space    used 1258K, committed 1408K, reserved 1048576K
}

Dll operation events (9 events):
Event: 0.011 Loaded shared library C:\Users\0x6D617274696E\.jdks\ms-21.0.10\bin\java.dll
Event: 0.012 Loaded shared library C:\Users\0x6D617274696E\.jdks\ms-21.0.10\bin\zip.dll
Event: 0.127 Loaded shared library C:\Users\0x6D617274696E\.jdks\ms-21.0.10\bin\jsvml.dll
Event: 0.237 Loaded shared library C:\Users\0x6D617274696E\.jdks\ms-21.0.10\bin\instrument.dll
Event: 0.283 Loaded shared library C:\Users\0x6D617274696E\.jdks\ms-21.0.10\bin\net.dll
Event: 0.285 Loaded shared library C:\Users\0x6D617274696E\.jdks\ms-21.0.10\bin\nio.dll
Event: 0.304 Loaded shared library C:\Users\0x6D617274696E\.jdks\ms-21.0.10\bin\zip.dll
Event: 0.328 Loaded shared library C:\Users\0x6D617274696E\.jdks\ms-21.0.10\bin\extnet.dll
Event: 0.504 Loaded shared library C:\Users\0x6D617274696E\.jdks\ms-21.0.10\bin\jimage.dll

Deoptimization events (20 events):
Event: 1.355 Thread 0x0000022ed142e7a0 DEOPT PACKING pc=0x0000022ed9edbc35 sp=0x000000e81d1fa7a0
Event: 1.355 Thread 0x0000022ed142e7a0 DEOPT UNPACKING pc=0x0000022ee0fd4bc2 sp=0x000000e81d1f9c18 mode 0
Event: 1.355 Thread 0x0000022ed142e7a0 DEOPT PACKING pc=0x0000022ed9edbc35 sp=0x000000e81d1fa7a0
Event: 1.355 Thread 0x0000022ed142e7a0 DEOPT UNPACKING pc=0x0000022ee0fd4bc2 sp=0x000000e81d1f9c18 mode 0
Event: 1.356 Thread 0x0000022ed142e7a0 DEOPT PACKING pc=0x0000022ed9edbc35 sp=0x000000e81d1fa7a0
Event: 1.356 Thread 0x0000022ed142e7a0 DEOPT UNPACKING pc=0x0000022ee0fd4bc2 sp=0x000000e81d1f9c18 mode 0
Event: 1.356 Thread 0x0000022ed142e7a0 DEOPT PACKING pc=0x0000022ed9edbc35 sp=0x000000e81d1fa7a0
Event: 1.356 Thread 0x0000022ed142e7a0 DEOPT UNPACKING pc=0x0000022ee0fd4bc2 sp=0x000000e81d1f9c18 mode 0
Event: 1.356 Thread 0x0000022ed142e7a0 DEOPT PACKING pc=0x0000022ed9edbc35 sp=0x000000e81d1fa7a0
Event: 1.356 Thread 0x0000022ed142e7a0 DEOPT UNPACKING pc=0x0000022ee0fd4bc2 sp=0x000000e81d1f9c18 mode 0
Event: 1.356 Thread 0x0000022ed142e7a0 DEOPT PACKING pc=0x0000022ed9edbc35 sp=0x000000e81d1fa7a0
Event: 1.356 Thread 0x0000022ed142e7a0 DEOPT UNPACKING pc=0x0000022ee0fd4bc2 sp=0x000000e81d1f9c18 mode 0
Event: 1.362 Thread 0x0000022ed142e7a0 Uncommon trap: trap_request=0xffffff45 fr.pc=0x0000022ee1773844 relative=0x0000000000000204
Event: 1.362 Thread 0x0000022ed142e7a0 Uncommon trap: reason=unstable_if action=reinterpret pc=0x0000022ee1773844 method=java.lang.String.startsWith(Ljava/lang/String;I)Z @ 1 c2
Event: 1.362 Thread 0x0000022ed142e7a0 DEOPT PACKING pc=0x0000022ee1773844 sp=0x000000e81d1f99b0
Event: 1.362 Thread 0x0000022ed142e7a0 DEOPT UNPACKING pc=0x0000022ee0fd4422 sp=0x000000e81d1f9940 mode 2
Event: 1.399 Thread 0x0000022ed142e7a0 Uncommon trap: trap_request=0xffffff45 fr.pc=0x0000022ee16ec6b4 relative=0x0000000000000194
Event: 1.399 Thread 0x0000022ed142e7a0 Uncommon trap: reason=unstable_if action=reinterpret pc=0x0000022ee16ec6b4 method=jdk.internal.util.ArraysSupport.vectorizedHashCode(Ljava/lang/Object;IIII)I @ 2 c2
Event: 1.399 Thread 0x0000022ed142e7a0 DEOPT PACKING pc=0x0000022ee16ec6b4 sp=0x000000e81d1f94a0
Event: 1.399 Thread 0x0000022ed142e7a0 DEOPT UNPACKING pc=0x0000022ee0fd4422 sp=0x000000e81d1f9450 mode 2

Classes loaded (20 events):
Event: 1.398 Loading class sun/security/x509/PKIXExtensions done
Event: 1.398 Loading class sun/security/x509/OIDMap$OIDInfo
Event: 1.399 Loading class sun/security/x509/OIDMap$OIDInfo done
Event: 1.399 Loading class sun/security/x509/SubjectKeyIdentifierExtension
Event: 1.399 Loading class sun/security/x509/SubjectKeyIdentifierExtension done
Event: 1.399 Loading class sun/security/x509/KeyIdentifier
Event: 1.400 Loading class sun/security/x509/KeyIdentifier done
Event: 1.400 Loading class sun/security/x509/BasicConstraintsExtension
Event: 1.400 Loading class sun/security/x509/BasicConstraintsExtension done
Event: 1.400 Loading class sun/security/x509/AuthorityKeyIdentifierExtension
Event: 1.400 Loading class sun/security/x509/AuthorityKeyIdentifierExtension done
Event: 1.400 Loading class sun/security/x509/GeneralNames
Event: 1.400 Loading class sun/security/x509/GeneralNames done
Event: 1.400 Loading class sun/security/x509/KeyUsageExtension
Event: 1.401 Loading class sun/security/x509/KeyUsageExtension done
Event: 1.401 Loading class sun/security/util/MemoryCache$SoftCacheEntry
Event: 1.401 Loading class sun/security/util/MemoryCache$CacheEntry
Event: 1.401 Loading class sun/security/util/MemoryCache$CacheEntry done
Event: 1.401 Loading class sun/security/util/MemoryCache$SoftCacheEntry done
Event: 1.401 Loading class sun/security/jca/JCAUtil

Classes unloaded (0 events):
No events

Classes redefined (1 events):
Event: 0.269 Thread 0x0000022ef0bb5970 redefined class name=java.lang.Throwable, count=1

Internal exceptions (20 events):
Event: 0.825 Thread 0x0000022ed142e7a0 Exception <a 'java/lang/NoSuchMethodError'{0x000000071337df60}: 'int java.lang.invoke.DirectMethodHandle$Holder.invokeStaticInit(java.lang.Object, java.lang.Object)'> (0x000000071337df60) 
thrown [s\src\hotspot\share\interpreter\linkResolver.cpp, line 773]
Event: 0.901 Thread 0x0000022ed142e7a0 Exception <a 'java/lang/NoSuchMethodError'{0x0000000712efd240}: 'java.lang.Object java.lang.invoke.DirectMethodHandle$Holder.invokeSpecial(java.lang.Object, java.lang.Object, java.lang.Object, long, java.lang.Object)'> (0x0000000712efd240) 
thrown [s\src\hotspot\share\interpreter\linkResolver.cpp, line 773]
Event: 0.901 Thread 0x0000022ed142e7a0 Exception <a 'java/lang/NoSuchMethodError'{0x0000000712f010f0}: 'java.lang.Object java.lang.invoke.Invokers$Holder.linkToTargetMethod(java.lang.Object, long, java.lang.Object, java.lang.Object)'> (0x0000000712f010f0) 
thrown [s\src\hotspot\share\interpreter\linkResolver.cpp, line 773]
Event: 0.932 Thread 0x0000022ed142e7a0 Implicit null exception at 0x0000022ee1758366 to 0x0000022ee1758412
Event: 0.932 Thread 0x0000022ed142e7a0 Implicit null exception at 0x0000022ee1731a40 to 0x0000022ee1731ac5
Event: 0.988 Thread 0x0000022ed142e7a0 Exception <a 'java/lang/NoSuchMethodError'{0x0000000712842510}: 'int java.lang.invoke.DirectMethodHandle$Holder.invokeStaticInit(java.lang.Object, java.lang.Object, java.lang.Object)'> (0x0000000712842510) 
thrown [s\src\hotspot\share\interpreter\linkResolver.cpp, line 773]
Event: 1.008 Thread 0x0000022ed142e7a0 Exception <a 'java/lang/NoSuchMethodError'{0x000000071296db80}: 'int java.lang.invoke.DirectMethodHandle$Holder.invokeInterface(java.lang.Object, java.lang.Object)'> (0x000000071296db80) 
thrown [s\src\hotspot\share\interpreter\linkResolver.cpp, line 773]
Event: 1.028 Thread 0x0000022ed142e7a0 Exception <a 'java/lang/NoSuchMethodError'{0x0000000713c4ff90}: 'void java.lang.invoke.DirectMethodHandle$Holder.invokeStaticInit(java.lang.Object, java.lang.Object)'> (0x0000000713c4ff90) 
thrown [s\src\hotspot\share\interpreter\linkResolver.cpp, line 773]
Event: 1.050 Thread 0x0000022ed142e7a0 Exception <a 'java/lang/NoSuchMethodError'{0x0000000713d73058}: 'int java.lang.invoke.DirectMethodHandle$Holder.invokeVirtual(java.lang.Object, java.lang.Object, java.lang.Object)'> (0x0000000713d73058) 
thrown [s\src\hotspot\share\interpreter\linkResolver.cpp, line 773]
Event: 1.078 Thread 0x0000022ed142e7a0 Exception <a 'java/lang/IncompatibleClassChangeError'{0x0000000713b23548}: Found class java.lang.Object, but interface was expected> (0x0000000713b23548) 
thrown [s\src\hotspot\share\interpreter\linkResolver.cpp, line 840]
Event: 1.108 Thread 0x0000022ed142e7a0 Exception <a 'java/lang/NoSuchMethodError'{0x0000000713891fc8}: 'int java.lang.invoke.DirectMethodHandle$Holder.invokeSpecial(java.lang.Object, java.lang.Object, java.lang.Object, java.lang.Object)'> (0x0000000713891fc8) 
thrown [s\src\hotspot\share\interpreter\linkResolver.cpp, line 773]
Event: 1.115 Thread 0x0000022ed142e7a0 Exception <a 'java/lang/NoSuchMethodError'{0x00000007138b3198}: 'int java.lang.invoke.DirectMethodHandle$Holder.invokeSpecial(java.lang.Object, java.lang.Object, java.lang.Object, java.lang.Object, java.lang.Object)'> (0x00000007138b3198) 
thrown [s\src\hotspot\share\interpreter\linkResolver.cpp, line 773]
Event: 1.118 Thread 0x0000022ed142e7a0 Exception <a 'java/lang/NoSuchMethodError'{0x00000007138c25e0}: 'void java.lang.invoke.DirectMethodHandle$Holder.invokeVirtual(java.lang.Object, java.lang.Object)'> (0x00000007138c25e0) 
thrown [s\src\hotspot\share\interpreter\linkResolver.cpp, line 773]
Event: 1.182 Thread 0x0000022ed142e7a0 Exception <a 'java/lang/NoSuchMethodError'{0x0000000713447470}: 'void java.lang.invoke.DirectMethodHandle$Holder.invokeVirtual(java.lang.Object, java.lang.Object, java.lang.Object, java.lang.Object)'> (0x0000000713447470) 
thrown [s\src\hotspot\share\interpreter\linkResolver.cpp, line 773]
Event: 1.265 Thread 0x0000022ed142e7a0 Exception <a 'java/lang/NoSuchMethodError'{0x0000000712e78c20}: 'java.lang.Object java.lang.invoke.DirectMethodHandle$Holder.newInvokeSpecial(java.lang.Object, java.lang.Object, java.lang.Object, java.lang.Object, java.lang.Object, java.lang.Object, java.lang.Object)'> (0x0000000712e78c20) 
thrown [s\src\hotspot\share\interpreter\linkResolver.cpp, line 773]
Event: 1.289 Thread 0x0000022ed142e7a0 Exception <a 'java/lang/NoClassDefFoundError'{0x0000000712ff9ab8}: org/springframework/transaction/interceptor/TransactionAttributeSource> (0x0000000712ff9ab8) 
thrown [s\src\hotspot\share\classfile\systemDictionary.cpp, line 301]
Event: 1.290 Thread 0x0000022ed142e7a0 Exception <a 'java/lang/NoClassDefFoundError'{0x0000000712c1fde8}: org/springframework/transaction/interceptor/TransactionAttribute> (0x0000000712c1fde8) 
thrown [s\src\hotspot\share\classfile\systemDictionary.cpp, line 301]
Event: 1.293 Thread 0x0000022ed142e7a0 Exception <a 'java/lang/NoSuchMethodError'{0x0000000712c5fda8}: 'java.lang.Object java.lang.invoke.DirectMethodHandle$Holder.invokeInterface(java.lang.Object, java.lang.Object, java.lang.Object, java.lang.Object)'> (0x0000000712c5fda8) 
thrown [s\src\hotspot\share\interpreter\linkResolver.cpp, line 773]
Event: 1.301 Thread 0x0000022ed142e7a0 Exception <a 'java/lang/NoSuchMethodError'{0x0000000712cb1eb8}: 'java.lang.Object java.lang.invoke.DirectMethodHandle$Holder.invokeInterface(java.lang.Object, java.lang.Object, java.lang.Object, java.lang.Object, java.lang.Object)'> (0x0000000712cb1eb8) 
thrown [s\src\hotspot\share\interpreter\linkResolver.cpp, line 773]
Event: 1.301 Thread 0x0000022ed142e7a0 Exception <a 'java/lang/IncompatibleClassChangeError'{0x0000000712cb5a38}: Found class java.lang.Object, but interface was expected> (0x0000000712cb5a38) 
thrown [s\src\hotspot\share\interpreter\linkResolver.cpp, line 840]

ZGC Phase Switch (0 events):
No events

VM Operations (20 events):
Event: 0.675 Executing non-safepoint VM operation: HandshakeAllThreads (Deoptimize) done
Event: 0.875 Executing non-safepoint VM operation: HandshakeAllThreads (Deoptimize)
Event: 0.875 Executing non-safepoint VM operation: HandshakeAllThreads (Deoptimize) done
Event: 0.918 Executing non-safepoint VM operation: HandshakeAllThreads (Deoptimize)
Event: 0.918 Executing non-safepoint VM operation: HandshakeAllThreads (Deoptimize) done
Event: 0.999 Executing safepoint VM operation: ICBufferFull
Event: 0.999 Executing safepoint VM operation: ICBufferFull done
Event: 1.017 Executing safepoint VM operation: G1CollectForAllocation (G1 Evacuation Pause)
Event: 1.022 Executing safepoint VM operation: G1CollectForAllocation (G1 Evacuation Pause) done
Event: 1.088 Executing non-safepoint VM operation: HandshakeAllThreads (Deoptimize)
Event: 1.088 Executing non-safepoint VM operation: HandshakeAllThreads (Deoptimize) done
Event: 1.179 Executing non-safepoint VM operation: HandshakeAllThreads (Deoptimize)
Event: 1.179 Executing non-safepoint VM operation: HandshakeAllThreads (Deoptimize) done
Event: 1.306 Executing non-safepoint VM operation: HandshakeAllThreads (Deoptimize)
Event: 1.306 Executing non-safepoint VM operation: HandshakeAllThreads (Deoptimize) done
Event: 1.380 Executing non-safepoint VM operation: HandshakeAllThreads (Deoptimize)
Event: 1.380 Executing non-safepoint VM operation: HandshakeAllThreads (Deoptimize) done
Event: 1.384 Executing non-safepoint VM operation: HandshakeAllThreads (Deoptimize)
Event: 1.385 Executing non-safepoint VM operation: HandshakeAllThreads (Deoptimize) done
Event: 2.394 Executing safepoint VM operation: Cleanup

Memory protections (0 events):
No events

Nmethod flushes (0 events):
No events

Events (19 events):
Event: 0.113 Thread 0x0000022ed142e7a0 Thread added: 0x0000022ed142e7a0
Event: 0.125 Thread 0x0000022ed142e7a0 Thread added: 0x0000022ef0bd6a00
Event: 0.125 Thread 0x0000022ed142e7a0 Thread added: 0x0000022ef0bd7970
Event: 0.125 Thread 0x0000022ed142e7a0 Thread added: 0x0000022ef0bdb390
Event: 0.125 Thread 0x0000022ed142e7a0 Thread added: 0x0000022ef0bde2a0
Event: 0.125 Thread 0x0000022ed142e7a0 Thread added: 0x0000022ef1240490
Event: 0.125 Thread 0x0000022ed142e7a0 Thread added: 0x0000022ef1241000
Event: 0.125 Thread 0x0000022ed142e7a0 Thread added: 0x0000022ecef83b30
Event: 0.126 Thread 0x0000022ed142e7a0 Thread added: 0x0000022ecef86410
Event: 0.130 Thread 0x0000022ecef86410 Thread added: 0x0000022ecef82d90
Event: 0.229 Thread 0x0000022ecef86410 Thread added: 0x0000022ecef83460
Event: 0.251 Thread 0x0000022ed142e7a0 Thread added: 0x0000022ef15b2d20
Event: 0.272 Thread 0x0000022ed142e7a0 Thread added: 0x0000022ef1554160
Event: 0.312 Thread 0x0000022ed142e7a0 Thread added: 0x0000022ef16818c0
Event: 0.312 Thread 0x0000022ed142e7a0 Thread added: 0x0000022ef1695400
Event: 0.847 Thread 0x0000022ecef86410 Thread added: 0x0000022ecef84fa0
Event: 0.915 Thread 0x0000022ecef84fa0 Thread added: 0x0000022ef6885c70
Event: 1.344 Thread 0x0000022ecef82d90 Thread added: 0x0000022ef688a090
Event: 1.344 Thread 0x0000022ecef82d90 Thread added: 0x0000022ef68877b0


Dynamic libraries:
0x00007ff718530000 - 0x00007ff71853e000 	C:\Users\0x6D617274696E\.jdks\ms-21.0.10\bin\java.exe
0x00007ffbf1040000 - 0x00007ffbf12a7000 	C:\WINDOWS\SYSTEM32\ntdll.dll
0x00007ffbf0060000 - 0x00007ffbf0129000 	C:\WINDOWS\System32\KERNEL32.DLL
0x00007ffbede30000 - 0x00007ffbee221000 	C:\WINDOWS\System32\KERNELBASE.dll
0x00007ffbeebe0000 - 0x00007ffbeed2b000 	C:\WINDOWS\System32\ucrtbase.dll
0x00007ffbe9270000 - 0x00007ffbe9288000 	C:\Users\0x6D617274696E\.jdks\ms-21.0.10\bin\jli.dll
0x00007ffbeb010000 - 0x00007ffbeb02e000 	C:\Users\0x6D617274696E\.jdks\ms-21.0.10\bin\VCRUNTIME140.dll
0x00007ffbf0270000 - 0x00007ffbf0435000 	C:\WINDOWS\System32\USER32.dll
0x00007ffbbc610000 - 0x00007ffbbc8a3000 	C:\WINDOWS\WinSxS\amd64_microsoft.windows.common-controls_6595b64144ccf1df_6.0.26100.8037_none_3e092faae333b53b\COMCTL32.dll
0x00007ffbedc80000 - 0x00007ffbedca7000 	C:\WINDOWS\System32\win32u.dll
0x00007ffbf0f40000 - 0x00007ffbf0fe9000 	C:\WINDOWS\System32\msvcrt.dll
0x00007ffbf0e20000 - 0x00007ffbf0e4b000 	C:\WINDOWS\System32\GDI32.dll
0x00007ffbed920000 - 0x00007ffbeda4b000 	C:\WINDOWS\System32\gdi32full.dll
0x00007ffbeed30000 - 0x00007ffbeedd3000 	C:\WINDOWS\System32\msvcp_win.dll
0x00007ffbef1c0000 - 0x00007ffbef1f1000 	C:\WINDOWS\System32\IMM32.DLL
0x00007ffbeb000000 - 0x00007ffbeb00c000 	C:\Users\0x6D617274696E\.jdks\ms-21.0.10\bin\vcruntime140_1.dll
0x00007ffbcc9b0000 - 0x00007ffbcca39000 	C:\Users\0x6D617274696E\.jdks\ms-21.0.10\bin\msvcp140.dll
0x00007ffbcbc00000 - 0x00007ffbcc9ad000 	C:\Users\0x6D617274696E\.jdks\ms-21.0.10\bin\server\jvm.dll
0x00007ffbef100000 - 0x00007ffbef1bb000 	C:\WINDOWS\System32\ADVAPI32.dll
0x00007ffbf0130000 - 0x00007ffbf01d7000 	C:\WINDOWS\System32\sechost.dll
0x00007ffbf0690000 - 0x00007ffbf07a8000 	C:\WINDOWS\System32\RPCRT4.dll
0x00007ffbf0440000 - 0x00007ffbf04b4000 	C:\WINDOWS\System32\WS2_32.dll
0x00007ffbed7a0000 - 0x00007ffbed7fe000 	C:\WINDOWS\SYSTEM32\POWRPROF.dll
0x00007ffbe22a0000 - 0x00007ffbe22ab000 	C:\WINDOWS\SYSTEM32\VERSION.dll
0x00007ffbdcdb0000 - 0x00007ffbdcde5000 	C:\WINDOWS\SYSTEM32\WINMM.dll
0x00007ffbed780000 - 0x00007ffbed794000 	C:\WINDOWS\SYSTEM32\UMPDC.dll
0x00007ffbec670000 - 0x00007ffbec68b000 	C:\WINDOWS\SYSTEM32\kernel.appcore.dll
0x00007ffbe9260000 - 0x00007ffbe926a000 	C:\Users\0x6D617274696E\.jdks\ms-21.0.10\bin\jimage.dll
0x00007ffbabda0000 - 0x00007ffbabfe2000 	C:\WINDOWS\SYSTEM32\DBGHELP.DLL
0x00007ffbefa70000 - 0x00007ffbefdf2000 	C:\WINDOWS\System32\combase.dll
0x00007ffbef020000 - 0x00007ffbef0f7000 	C:\WINDOWS\System32\OLEAUT32.dll
0x00007ffbc56b0000 - 0x00007ffbc56eb000 	C:\WINDOWS\SYSTEM32\dbgcore.DLL
0x00007ffbee2c0000 - 0x00007ffbee365000 	C:\WINDOWS\System32\bcryptPrimitives.dll
0x00007ffbcca80000 - 0x00007ffbcca90000 	C:\Users\0x6D617274696E\.jdks\ms-21.0.10\bin\instrument.dll
0x00007ffbcbbd0000 - 0x00007ffbcbbf1000 	C:\Users\0x6D617274696E\.jdks\ms-21.0.10\bin\java.dll
0x00007ffbcbad0000 - 0x00007ffbcbae8000 	C:\Users\0x6D617274696E\.jdks\ms-21.0.10\bin\zip.dll
0x00007ffbef200000 - 0x00007ffbef95f000 	C:\WINDOWS\System32\SHELL32.dll
0x00007ffbedb10000 - 0x00007ffbedc7a000 	C:\WINDOWS\System32\wintypes.dll
0x00007ffbee370000 - 0x00007ffbeebd4000 	C:\WINDOWS\System32\windows.storage.dll
0x00007ffbeef20000 - 0x00007ffbef017000 	C:\WINDOWS\System32\SHCORE.dll
0x00007ffbefe30000 - 0x00007ffbefe97000 	C:\WINDOWS\System32\shlwapi.dll
0x00007ffbed840000 - 0x00007ffbed869000 	C:\WINDOWS\SYSTEM32\profapi.dll
0x00007ffbcbaf0000 - 0x00007ffbcbbc6000 	C:\Users\0x6D617274696E\.jdks\ms-21.0.10\bin\jsvml.dll
0x00007ffbe29b0000 - 0x00007ffbe29c1000 	C:\Users\0x6D617274696E\.jdks\ms-21.0.10\bin\net.dll
0x00007ffbe8100000 - 0x00007ffbe8227000 	C:\WINDOWS\SYSTEM32\WINHTTP.dll
0x00007ffbecbc0000 - 0x00007ffbecc2b000 	C:\WINDOWS\system32\mswsock.dll
0x00007ffbd9a60000 - 0x00007ffbd9a76000 	C:\Users\0x6D617274696E\.jdks\ms-21.0.10\bin\nio.dll
0x00007ffbe9120000 - 0x00007ffbe9129000 	C:\Users\0x6D617274696E\.jdks\ms-21.0.10\bin\extnet.dll

JVMTI agents:
C:\Users\0x6D617274696E\AppData\Local\JetBrains\IntelliJIdea2025.3\captureAgent\debugger-agent.jar path:C:\Users\0x6D617274696E\.jdks\ms-21.0.10\bin\instrument.dll, loaded, initialized, instrumentlib options:file:///C:/Users/0X6D61~1/AppData/Local/Temp/capture15143499171849241203.props
C:\Program Files\JetBrains\IntelliJ IDEA 2025.3.3\lib\idea_rt.jar path:C:\Users\0x6D617274696E\.jdks\ms-21.0.10\bin\instrument.dll, loaded, initialized, instrumentlib options:50494

dbghelp: loaded successfully - version: 4.0.5 - missing functions: none
symbol engine: initialized successfully - sym options: 0x614 - pdb path: .;C:\Users\0x6D617274696E\.jdks\ms-21.0.10\bin;C:\WINDOWS\SYSTEM32;C:\WINDOWS\WinSxS\amd64_microsoft.windows.common-controls_6595b64144ccf1df_6.0.26100.8037_none_3e092faae333b53b;C:\Users\0x6D617274696E\.jdks\ms-21.0.10\bin\server

VM Arguments:
jvm_args: -javaagent:C:\Users\0x6D617274696E\AppData\Local\JetBrains\IntelliJIdea2025.3\captureAgent\debugger-agent.jar=file:///C:/Users/0X6D61~1/AppData/Local/Temp/capture15143499171849241203.props -ea -Didea.test.cyclic.buffer.size=1048576 -javaagent:C:\Program Files\JetBrains\IntelliJ IDEA 2025.3.3\lib\idea_rt.jar=50494 -Dkotlinx.coroutines.debug.enable.creation.stack.trace=false -Ddebugger.agent.enable.coroutines=true -Dkotlinx.coroutines.debug.enable.flows.stack.trace=true -Dkotlinx.coroutines.debug.enable.mutable.state.flows.stack.trace=true -Ddebugger.async.stack.trace.for.all.threads=true -Dfile.encoding=UTF-8 -Dsun.stdout.encoding=UTF-8 -Dsun.stderr.encoding=UTF-8 
java_command: com.intellij.rt.junit.JUnitStarter -ideVersion5 -junit5 org.serwin.discovery.DiscoveryApplicationTests
java_class_path (initial): C:\Users\0x6D617274696E\.m2\repository\org\junit\platform\junit-platform-launcher\1.12.2\junit-platform-launcher-1.12.2.jar;C:\Program Files\JetBrains\IntelliJ IDEA 2025.3.3\lib\idea_rt.jar;C:\Program Files\JetBrains\IntelliJ IDEA 2025.3.3\plugins\junit\lib\junit6-rt.jar;C:\Program Files\JetBrains\IntelliJ IDEA 2025.3.3\plugins\junit\lib\junit5-rt.jar;C:\Program Files\JetBrains\IntelliJ IDEA 2025.3.3\plugins\junit\lib\junit-rt.jar;C:\Users\0x6D617274696E\Desktop\aws-v3\discovery-server\target\test-classes;C:\Users\0x6D617274696E\Desktop\aws-v3\discovery-server\target\classes;C:\Users\0x6D617274696E\.m2\repository\org\springframework\cloud\spring-cloud-starter-netflix-eureka-server\4.3.1\spring-cloud-starter-netflix-eureka-server-4.3.1.jar;C:\Users\0x6D617274696E\.m2\repository\org\springframework\cloud\spring-cloud-starter\4.3.1\spring-cloud-starter-4.3.1.jar;C:\Users\0x6D617274696E\.m2\repository\org\springframework\cloud\spring-cloud-context\4.3.1\spring-cloud-context-4.3.1.jar;C:\Users\0x6D617274696E\.m2\repository\org\springframework\security\spring-security-crypto\6.5.7\spring-security-crypto-6.5.7.jar;C:\Users\0x6D617274696E\.m2\repository\org\springframework\cloud\spring-cloud-commons\4.3.1\spring-cloud-commons-4.3.1.jar;C:\Users\0x6D617274696E\.m2\repository\org\bouncycastle\bcprov-jdk18on\1.80\bcprov-jdk18on-1.80.jar;C:\Users\0x6D617274696E\.m2\repository\org\springframework\cloud\spring-cloud-netflix-eureka-server\4.3.1\spring-cloud-netflix-eureka-server-4.3.1.jar;C:\Users\0x6D617274696E\.m2\repository\org\springframework\boot\spring-boot-starter-web\3.5.9\spring-boot-starter-web-3.5.9.jar;C:\Users\0x6D617274696E\.m2\repository\org\springframework\boot\spring-boot-starter-json\3.5.9\spring-boot-starter-json-3.5.9.jar;C:\Users\0x6D617274696E\.m2\repository\com\fasterxml\jackson\datatype\jackson-datatype-jdk8\2.19.4\jackson-datatype-jdk8-2.19.4.jar;C:\Users\0x6D617274696E\.m2\repository\com\fasterxml\jackson\datatype\jackson-datatype-jsr310\2.19.4\jackson-datatype-jsr310-2.19.4.jar;C:\Users\0x6D617274696E\.m2\repository\com\fasterxml\jackson\module\jackson-module-parameter-names\2.19.4\jackson-module-parameter-names-2.19.4.jar;C:\Users\0x6D617274696E\.m2\repository\org\springframework\boot\spring-boot-starter-tomcat\3.5.9\spring-boot-starter-tomcat-3.5.9.jar;C:\Users\0x6D617274696E\.m2\repository\org\apache\tomcat\embed\tomcat-embed-core\10.1.50\tomcat-embed-core-10.1.50.jar;C:\Users\0x6D617274696E\.m2\repository\org\apache\tomcat\embed\tomcat-embed-el\10.1.50\tomcat-embed-el-10.1.50.jar;C:\Users\0x6D617274696E\.m2\repository\org\apache\tomcat\embed\tomcat-embed-websocket\10.1.50\tomcat-embed-websocket-10.1.50.jar;C:\Users\0x6D617274696E\.m2\repository\org\springframework\spring-web\6.2.15\spring-web-6.2.15.jar;C:\Users\0x6D617274696E\.m2\repository\org\springframework\spring-beans\6.2.15\spring-beans-6.2.15.jar;C:\Users\0x6D617274696E\.m2\repository\org\springframework\spring-webmvc\6.2.15\spring-webmvc-6.2.15.jar;C:\Users\0x6D617274696E\.m2\repository\org\springframework\spring-aop\6.2.15\spring-aop-6.2.15.jar;C:\Users\0x6D617274696E\.m2\repository\org\springframework\spring-expression\6.2.15\spring-expression-6.2.15.jar;C:\Users\0x6D617274696E\.m2\repository\org\springframework\boot\spring-boot-starter-actuator\3.5.9\spring-boot-starter-actuator-3.5.9.jar;C:\Users\0x6D617274696E\.m2\repository\org\springframework\boot\spring-boot-actuator-autoconfigure\3.5.9\spring-boot-actuator-autoconfigure-3.5.9.jar;C:\Users\0x6D617274696E\.m2\repository\org\springframework\boot\spring-boot-actuator\3.5.9\spring-boot-actuator-3.5.9.jar;C:\Users\0x6D617274696E\.m2\repository\io\micrometer\micrometer-observation\1.15.7\micrometer-observation-1.15.7.jar;C:\Users\0x6D617274696E\.m2\repository\io\micrometer\micrometer-commons\1.15.7\micrometer-commons-1.15.7.jar;C:\Users\0x6D617274696E\.m2\repository\io\micrometer\micrometer-jakarta9\1.15.7\micrometer-jakarta9-1.15.7.jar;C:\Users\0x6D617274696E\.m2\repository\io\micrometer\micrometer-core\1.15.7\micrometer-core-1.15.7.jar;C:\Users\0x6D617274696E\.m2\repository\org\hdrhistogram\HdrHistogram\2.2.2\HdrHistogram-2.2.2.jar;C:\Users\0x6D617274696E\.m2\repository\org\latencyutils\LatencyUtils\2.0.3\LatencyUtils-2.0.3.jar;C:\Users\0x6D617274696E\.m2\repository\org\springframework\boot\spring-boot-starter-freemarker\3.5.9\spring-boot-starter-freemarker-3.5.9.jar;C:\Users\0x6D617274696E\.m2\repository\org\freemarker\freemarker\2.3.34\freemarker-2.3.34.jar;C:\Users\0x6D617274696E\.m2\repository\org\springframework\spring-context-support\6.2.15\spring-context-support-6.2.15.jar;C:\Users\0x6D617274696E\.m2\repository\org\springframework\cloud\spring-cloud-netflix-eureka-client\4.3.1\spring-cloud-netflix-eureka-client-4.3.1.jar;C:\Users\0x6D617274696E\.m2\repository\com\netflix\eureka\eureka-client\2.0.5\eureka-client-2.0.5.jar;C:\Users\0x6D617274696E\.m2\repository\com\thoughtworks\xstream\xstream\1.4.21\xstream-1.4.21.jar;C:\Users\0x6D617274696E\.m2\repository\io\github\x-stream\mxparser\1.2.2\mxparser-1.2.2.jar;C:\Users\0x6D617274696E\.m2\repository\xmlpull\xmlpull\1.1.3.1\xmlpull-1.1.3.1.jar;C:\Users\0x6D617274696E\.m2\repository\com\netflix\spectator\spectator-api\1.7.3\spectator-api-1.7.3.jar;C:\Users\0x6D617274696E\.m2\repository\org\apache\httpcomponents\httpclient\4.5.3\httpclient-4.5.3.jar;C:\Users\0x6D617274696E\.m2\repository\org\apache\httpcomponents\httpcore\4.4.16\httpcore-4.4.16.jar;C:\Users\0x6D617274696E\.m2\repository\commons-configuration\commons-configuration\1.10\commons-configuration-1.10.jar;C:\Users\0x6D617274696E\.m2\repository\commons-lang\commons-lang\2.6\commons-lang-2.6.jar;C:\Users\0x6D617274696E\.m2\repository\com\netflix\netflix-commons\netflix-eventbus\0.3.0\netflix-eventbus-0.3.0.jar;C:\Users\0x6D617274696E\.m2\repository\com\netflix\netflix-commons\netflix-infix\0.3.0\netflix-infix-0.3.0.jar;C:\Users\0x6D617274696E\.m2\repository\commons-jxpath\commons-jxpath\1.3\commons-jxpath-1.3.jar;C:\Users\0x6D617274696E\.m2\repository\joda-time\joda-time\2.3\joda-time-2.3.jar;C:\Users\0x6D617274696E\.m2\repository\org\antlr\antlr-runtime\3.4\antlr-runtime-3.4.jar;C:\Users\0x6D617274696E\.m2\repository\org\antlr\stringtemplate\3.2.1\stringtemplate-3.2.1.jar;C:\Users\0x6D617274696E\.m2\repository\antlr\antlr\2.7.7\antlr-2.7.7.jar;C:\Users\0x6D617274696E\.m2\repository\com\google\code\gson\gson\2.13.2\gson-2.13.2.jar;C:\Users\0x6D617274696E\.m2\repository\com\netflix\servo\servo-core\0.5.3\servo-core-0.5.3.jar;C:\Users\0x6D617274696E\.m2\repository\org\apache\commons\commons-math\2.2\commons-math-2.2.jar;C:\Users\0x6D617274696E\.m2\repository\javax\annotation\javax.annotation-api\1.2\javax.annotation-api-1.2.jar;C:\Users\0x6D617274696E\.m2\repository\org\codehaus\jettison\jettison\1.5.4\jettison-1.5.4.jar;C:\Users\0x6D617274696E\.m2\repository\org\apache\httpcomponents\client5\httpclient5\5.5.1\httpclient5-5.5.1.jar;C:\Users\0x6D617274696E\.m2\repository\org\apache\httpcomponents\core5\httpcore5\5.3.6\httpcore5-5.3.6.jar;C:\Users\0x6D617274696E\.m2\repository\org\apache\httpcomponents\core5\httpcore5-h2\5.3.6\httpcore5-h2-5.3.6.jar;C:\Users\0x6D617274696E\.m2\repository\com\netflix\eureka\eureka-client-jersey3\2.0.5\eureka-client-jersey3-2.0.5.jar;C:\Users\0x6D617274696E\.m2\repository\org\glassfish\jersey\connectors\jersey-apache-connector\3.1.11\jersey-apache-connector-3.1.11.jar;C:\Users\0x6D617274696E\.m2\repository\commons-codec\commons-codec\1.18.0\commons-codec-1.18.0.jar;C:\Users\0x6D617274696E\.m2\repository\com\netflix\eureka\eureka-core-jersey3\2.0.5\eureka-core-jersey3-2.0.5.jar;C:\Users\0x6D617274696E\.m2\repository\com\netflix\eureka\eureka-core\2.0.5\eureka-core-2.0.5.jar;C:\Users\0x6D617274696E\.m2\repository\com\google\guava\guava\33.0.0-jre\guava-33.0.0-jre.jar;C:\Users\0x6D617274696E\.m2\repository\com\google\guava\failureaccess\1.0.2\failureaccess-1.0.2.jar;C:\Users\0x6D617274696E\.m2\repository\com\google\guava\listenablefuture\9999.0-empty-to-avoid-conflict-with-guava\listenablefuture-9999.0-empty-to-avoid-conflict-with-guava.jar;C:\Users\0x6D617274696E\.m2\repository\org\checkerframework\checker-qual\3.41.0\checker-qual-3.41.0.jar;C:\Users\0x6D617274696E\.m2\repository\com\google\errorprone\error_prone_annotations\2.23.0\error_prone_annotations-2.23.0.jar;C:\Users\0x6D617274696E\.m2\repository\com\google\j2objc\j2objc-annotations\2.8\j2objc-annotations-2.8.jar;C:\Users\0x6D617274696E\.m2\repository\org\glassfish\jersey\containers\jersey-container-servlet\3.1.11\jersey-container-servlet-3.1.11.jar;C:\Users\0x6D617274696E\.m2\repository\org\glassfish\jersey\containers\jersey-container-servlet-core\3.1.11\jersey-container-servlet-core-3.1.11.jar;C:\Users\0x6D617274696E\.m2\repository\org\glassfish\jersey\core\jersey-common\3.1.11\jersey-common-3.1.11.jar;C:\Users\0x6D617274696E\.m2\repository\org\glassfish\hk2\osgi-resource-locator\1.0.3\osgi-resource-locator-1.0.3.jar;C:\Users\0x6D617274696E\.m2\repository\jakarta\ws\rs\jakarta.ws.rs-api\3.1.0\jakarta.ws.rs-api-3.1.0.jar;C:\Users\0x6D617274696E\.m2\repository\org\glassfish\jersey\core\jersey-server\3.1.11\jersey-server-3.1.11.jar;C:\Users\0x6D617274696E\.m2\repository\jakarta\inject\jakarta.inject-api\2.0.1\jakarta.inject-api-2.0.1.jar;C:\Users\0x6D617274696E\.m2\repository\jakarta\validation\jakarta.validation-api\3.0.2\jakarta.validation-api-3.0.2.jar;C:\Users\0x6D617274696E\.m2\repository\org\glassfish\jersey\core\jersey-client\3.1.11\jersey-client-3.1.11.jar;C:\Users\0x6D617274696E\.m2\repository\org\glassfish\jersey\inject\jersey-hk2\3.1.11\jersey-hk2-3.1.11.jar;C:\Users\0x6D617274696E\.m2\repository\org\glassfish\hk2\hk2-locator\3.0.6\hk2-locator-3.0.6.jar;C:\Users\0x6D617274696E\.m2\repository\org\glassfish\hk2\hk2-utils\3.0.6\hk2-utils-3.0.6.jar;C:\Users\0x6D617274696E\.m2\repository\org\javassist\javassist\3.30.2-GA\javassist-3.30.2-GA.jar;C:\Users\0x6D617274696E\.m2\repository\org\glassfish\hk2\spring-bridge\3.1.1\spring-bridge-3.1.1.jar;C:\Users\0x6D617274696E\.m2\repository\org\glassfish\hk2\hk2-api\3.1.1\hk2-api-3.1.1.jar;C:\Users\0x6D617274696E\.m2\repository\org\springframework\spring-context\6.2.15\spring-context-6.2.15.jar;C:\Users\0x6D617274696E\.m2\repository\com\fasterxml\jackson\dataformat\jackson-dataformat-xml\2.19.4\jackson-dataformat-xml-2.19.4.jar;C:\Users\0x6D617274696E\.m2\repository\com\fasterxml\jackson\core\jackson-core\2.19.4\jackson-core-2.19.4.jar;C:\Users\0x6D617274696E\.m2\repository\com\fasterxml\jackson\core\jackson-annotations\2.19.4\jackson-annotations-2.19.4.jar;C:\Users\0x6D617274696E\.m2\repository\com\fasterxml\jackson\core\jackson-databind\2.19.4\jackson-databind-2.19.4.jar;C:\Users\0x6D617274696E\.m2\repository\org\codehaus\woodstox\stax2-api\4.2.2\stax2-api-4.2.2.jar;C:\Users\0x6D617274696E\.m2\repository\com\fasterxml\woodstox\woodstox-core\7.1.1\woodstox-core-7.1.1.jar;C:\Users\0x6D617274696E\.m2\repository\org\springframework\cloud\spring-cloud-starter-loadbalancer\4.3.1\spring-cloud-starter-loadbalancer-4.3.1.jar;C:\Users\0x6D617274696E\.m2\repository\org\springframework\cloud\spring-cloud-loadbalancer\4.3.1\spring-cloud-loadbalancer-4.3.1.jar;C:\Users\0x6D617274696E\.m2\repository\io\projectreactor\reactor-core\3.7.14\reactor-core-3.7.14.jar;C:\Users\0x6D617274696E\.m2\repository\org\reactivestreams\reactive-streams\1.0.4\reactive-streams-1.0.4.jar;C:\Users\0x6D617274696E\.m2\repository\io\projectreactor\addons\reactor-extra\3.5.4\reactor-extra-3.5.4.jar;C:\Users\0x6D617274696E\.m2\repository\org\springframework\boot\spring-boot-starter-cache\3.5.9\spring-boot-starter-cache-3.5.9.jar;C:\Users\0x6D617274696E\.m2\repository\com\stoyanr\evictor\1.0.0\evictor-1.0.0.jar;C:\Users\0x6D617274696E\.m2\repository\org\glassfish\jaxb\jaxb-runtime\4.0.6\jaxb-runtime-4.0.6.jar;C:\Users\0x6D617274696E\.m2\repository\org\glassfish\jaxb\jaxb-core\4.0.6\jaxb-core-4.0.6.jar;C:\Users\0x6D617274696E\.m2\repository\org\eclipse\angus\angus-activation\2.0.3\angus-activation-2.0.3.jar;C:\Users\0x6D617274696E\.m2\repository\org\glassfish\jaxb\txw2\4.0.6\txw2-4.0.6.jar;C:\Users\0x6D617274696E\.m2\repository\com\sun\istack\istack-commons-runtime\4.1.2\istack-commons-runtime-4.1.2.jar;C:\Users\0x6D617274696E\.m2\repository\org\springframework\boot\spring-boot-starter-test\3.5.9\spring-boot-starter-test-3.5.9.jar;C:\Users\0x6D617274696E\.m2\repository\org\springframework\boot\spring-boot-starter\3.5.9\spring-boot-starter-3.5.9.jar;C:\Users\0x6D617274696E\.m2\repository\org\springframework\boot\spring-boot\3.5.9\spring-boot-3.5.9.jar;C:\Users\0x6D617274696E\.m2\repository\org\springframework\boot\spring-boot-autoconfigure\3.5.9\spring-boot-autoconfigure-3.5.9.jar;C:\Users\0x6D617274696E\.m2\repository\org\springframework\boot\spring-boot-starter-logging\3.5.9\spring-boot-starter-logging-3.5.9.jar;C:\Users\0x6D617274696E\.m2\repository\ch\qos\logback\logback-classic\1.5.22\logback-classic-1.5.22.jar;C:\Users\0x6D617274696E\.m2\repository\ch\qos\logback\logback-core\1.5.22\logback-core-1.5.22.jar;C:\Users\0x6D617274696E\.m2\repository\org\apache\logging\log4j\log4j-to-slf4j\2.24.3\log4j-to-slf4j-2.24.3.jar;C:\Users\0x6D617274696E\.m2\repository\org\apache\logging\log4j\log4j-api\2.24.3\log4j-api-2.24.3.jar;C:\Users\0x6D617274696E\.m2\repository\org\slf4j\jul-to-slf4j\2.0.17\jul-to-slf4j-2.0.17.jar;C:\Users\0x6D617274696E\.m2\repository\jakarta\annotation\jakarta.annotation-api\2.1.1\jakarta.annotation-api-2.1.1.jar;C:\Users\0x6D617274696E\.m2\repository\org\yaml\snakeyaml\2.4\snakeyaml-2.4.jar;C:\Users\0x6D617274696E\.m2\repository\org\springframework\boot\spring-boot-test\3.5.9\spring-boot-test-3.5.9.jar;C:\Users\0x6D617274696E\.m2\repository\org\springframework\boot\spring-boot-test-autoconfigure\3.5.9\spring-boot-test-autoconfigure-3.5.9.jar;C:\Users\0x6D617274696E\.m2\repository\com\jayway\jsonpath\json-path\2.9.0\json-path-2.9.0.jar;C:\Users\0x6D617274696E\.m2\repository\org\slf4j\slf4j-api\2.0.17\slf4j-api-2.0.17.jar;C:\Users\0x6D617274696E\.m2\repository\jakarta\xml\bind\jakarta.xml.bind-api\4.0.4\jakarta.xml.bind-api-4.0.4.jar;C:\Users\0x6D617274696E\.m2\repository\jakarta\activation\jakarta.activation-api\2.1.4\jakarta.activation-api-2.1.4.jar;C:\Users\0x6D617274696E\.m2\repository\net\minidev\json-smart\2.5.2\json-smart-2.5.2.jar;C:\Users\0x6D617274696E\.m2\repository\net\minidev\accessors-smart\2.5.2\accessors-smart-2.5.2.jar;C:\Users\0x6D617274696E\.m2\repository\org\ow2\asm\asm\9.7.1\asm-9.7.1.jar;C:\Users\0x6D617274696E\.m2\repository\org\assertj\assertj-core\3.27.6\assertj-core-3.27.6.jar;C:\Users\0x6D617274696E\.m2\repository\net\bytebuddy\byte-buddy\1.17.8\byte-buddy-1.17.8.jar;C:\Users\0x6D617274696E\.m2\repository\org\awaitility\awaitility\4.2.2\awaitility-4.2.2.jar;C:\Users\0x6D617274696E\.m2\repository\org\hamcrest\hamcrest\3.0\hamcrest-3.0.jar;C:\Users\0x6D617274696E\.m2\repository\org\junit\jupiter\junit-jupiter\5.12.2\junit-jupiter-5.12.2.jar;C:\Users\0x6D617274696E\.m2\repository\org\junit\jupiter\junit-jupiter-api\5.12.2\junit-jupiter-api-5.12.2.jar;C:\Users\0x6D617274696E\.m2\repository\org\opentest4j\opentest4j\1.3.0\opentest4j-1.3.0.jar;C:\Users\0x6D617274696E\.m2\repository\org\junit\platform\junit-platform-commons\1.12.2\junit-platform-commons-1.12.2.jar;C:\Users\0x6D617274696E\.m2\repository\org\apiguardian\apiguardian-api\1.1.2\apiguardian-api-1.1.2.jar;C:\Users\0x6D617274696E\.m2\repository\org\junit\jupiter\junit-jupiter-params\5.12.2\junit-jupiter-params-5.12.2.jar;C:\Users\0x6D617274696E\.m2\repository\org\junit\jupiter\junit-jupiter-engine\5.12.2\junit-jupiter-engine-5.12.2.jar;C:\Users\0x6D617274696E\.m2\repository\org\junit\platform\junit-platform-engine\1.12.2\junit-platform-engine-1.12.2.jar;C:\Users\0x6D617274696E\.m2\repository\org\mockito\mockito-core\5.17.0\mockito-core-5.17.0.jar;C:\Users\0x6D617274696E\.m2\repository\net\bytebuddy\byte-buddy-agent\1.17.8\byte-buddy-agent-1.17.8.jar;C:\Users\0x6D617274696E\.m2\repository\org\objenesis\objenesis\3.3\objenesis-3.3.jar;C:\Users\0x6D617274696E\.m2\repository\org\mockito\mockito-junit-jupiter\5.17.0\mockito-junit-jupiter-5.17.0.jar;C:\Users\0x6D617274696E\.m2\repository\org\skyscreamer\jsonassert\1.5.3\jsonassert-1.5.3.jar;C:\Users\0x6D617274696E\.m2\repository\com\vaadin\external\google\android-json\0.0.20131108.vaadin1\android-json-0.0.20131108.vaadin1.jar;C:\Users\0x6D617274696E\.m2\repository\org\springframework\spring-core\6.2.15\spring-core-6.2.15.jar;C:\Users\0x6D617274696E\.m2\repository\org\springframework\spring-jcl\6.2.15\spring-jcl-6.2.15.jar;C:\Users\0x6D617274696E\.m2\repository\org\springframework\spring-test\6.2.15\spring-test-6.2.15.jar;C:\Users\0x6D617274696E\.m2\repository\org\xmlunit\xmlunit-core\2.10.4\xmlunit-core-2.10.4.jar
Launcher Type: SUN_STANDARD

[Global flags]
     intx CICompilerCount                          = 12                                        {product} {ergonomic}
     uint ConcGCThreads                            = 3                                         {product} {ergonomic}
     uint G1ConcRefinementThreads                  = 13                                        {product} {ergonomic}
   size_t G1HeapRegionSize                         = 2097152                                   {product} {ergonomic}
    uintx GCDrainStackTargetSize                   = 64                                        {product} {ergonomic}
   size_t InitialHeapSize                          = 264241152                                 {product} {ergonomic}
   size_t MarkStackSize                            = 4194304                                   {product} {ergonomic}
   size_t MaxHeapSize                              = 4225761280                                {product} {ergonomic}
   size_t MaxNewSize                               = 2535456768                                {product} {ergonomic}
   size_t MinHeapDeltaBytes                        = 2097152                                   {product} {ergonomic}
   size_t MinHeapSize                              = 8388608                                   {product} {ergonomic}
    uintx NonNMethodCodeHeapSize                   = 7602480                                {pd product} {ergonomic}
    uintx NonProfiledCodeHeapSize                  = 122027880                              {pd product} {ergonomic}
    uintx ProfiledCodeHeapSize                     = 122027880                              {pd product} {ergonomic}
    uintx ReservedCodeCacheSize                    = 251658240                              {pd product} {ergonomic}
     bool SegmentedCodeCache                       = true                                      {product} {ergonomic}
   size_t SoftMaxHeapSize                          = 4225761280                             {manageable} {ergonomic}
     bool UseCompressedOops                        = true                           {product lp64_product} {ergonomic}
     bool UseG1GC                                  = true                                      {product} {ergonomic}
     bool UseLargePagesIndividualAllocation        = false                                  {pd product} {ergonomic}

Logging:
Log output configuration:
 #0: stdout all=warning uptime,level,tags foldmultilines=false
 #1: stderr all=off uptime,level,tags foldmultilines=false

Release file:
IMPLEMENTOR="Microsoft" 
IMPLEMENTOR_VERSION="Microsoft-13106404" 
JAVA_RUNTIME_VERSION="21.0.10+7-LTS" 
JAVA_VERSION="21.0.10" 
JAVA_VERSION_DATE="2026-01-20" 
LIBC="default" 
MODULES="java.base java.compiler java.datatransfer java.xml java.prefs java.desktop java.instrument java.logging java.management java.security.sasl java.naming java.rmi java.management.rmi java.net.http java.scripting java.security.jgss java.transaction.xa java.sql java.sql.rowset java.xml.crypto java.se java.smartcardio jdk.accessibility jdk.internal.jvmstat jdk.attach jdk.charsets jdk.internal.opt jdk.zipfs jdk.compiler jdk.crypto.ec jdk.crypto.cryptoki jdk.crypto.mscapi jdk.dynalink jdk.internal.ed jdk.editpad jdk.hotspot.agent jdk.httpserver jdk.incubator.vector jdk.internal.le jdk.internal.vm.ci jdk.internal.vm.compiler jdk.internal.vm.compiler.management jdk.jartool jdk.javadoc jdk.jcmd jdk.management jdk.management.agent jdk.jconsole jdk.jdeps jdk.jdwp.agent jdk.jdi jdk.jfr jdk.jlink jdk.jpackage jdk.jshell jdk.jsobject jdk.jstatd jdk.localedata jdk.management.jfr jdk.naming.dns jdk.naming.rmi jdk.net jdk.nio.mapmode jdk.random jdk.sctp jdk.security.auth jdk.security.jgss jdk.unsupported jdk.unsupported.desktop jdk.xml.dom" 
OS_ARCH="x86_64" 
OS_NAME="Windows" 
SOURCE=".:git:e69b6ef7382e" 

Environment Variables:
PATH=C:\Program Files\Common Files\Oracle\Java\javapath;C:\WINDOWS\system32;C:\WINDOWS;C:\WINDOWS\System32\Wbem;C:\WINDOWS\System32\WindowsPowerShell\v1.0\;C:\WINDOWS\System32\OpenSSH\;C:\Program Files\Multipass\bin;C:\Program Files\Git\cmd;C:\Program Files\nodejs\;C:\Program Files\dotnet\;C:\Program Files\apache\bin;C:\Program Files\Go\bin;C:\Users\0x6D617274696E\flutter\bin;C:\Program Files\PostgreSQL\17\bin;C:\Program Files\Tailscale\;C:\Users\0x6D617274696E\AppData\Local\Microsoft\WindowsApps;C:\Users\0x6D617274696E\AppData\Local\Programs\Microsoft VS Code\bin;C:\Users\0x6D617274696E\AppData\Roaming\npm;C:\Program Files\apache\bin;C:\Users\0x6D617274696E\go\bin;C:\Users\0x6D617274696E\flutter\bin;C:\Program Files\PostgreSQL\17\bin;C:\Users\0x6D617274696E\AppData\Local\Python\bin;C:\Users\0x6D617274696E\AppData\Local\Programs\Antigravity\bin
USERNAME=0x6D617274696E
OS=Windows_NT
PROCESSOR_IDENTIFIER=Intel64 Family 6 Model 165 Stepping 5, GenuineIntel
TMP=C:\Users\0X6D61~1\AppData\Local\Temp
TEMP=C:\Users\0X6D61~1\AppData\Local\Temp




Periodic native trim disabled

---------------  S Y S T E M  ---------------

OS:
 Windows 11 , 64 bit Build 26100 (10.0.26100.7920)
OS uptime: 0 days 7:06 hours
Hyper-V role detected

CPU: total 16 (initial active 16) (8 cores per cpu, 2 threads per core) family 6 model 165 stepping 5 microcode 0xf6, cx8, cmov, fxsr, ht, mmx, 3dnowpref, sse, sse2, sse3, ssse3, sse4.1, sse4.2, popcnt, lzcnt, tsc, tscinvbit, avx, avx2, aes, erms, clmul, bmi1, bmi2, adx, fma, vzeroupper, clflush, clflushopt, hv, rdtscp, f16c
Processor Information for the first 16 processors :
  Max Mhz: 2904, Current Mhz: 2904, Mhz Limit: 2904

Memory: 4k page, system-wide physical 16117M (955M free)
TotalPageFile size 24309M (AvailPageFile size 25M)
current process WorkingSet (physical memory assigned to process): 159M, peak: 159M
current process commit charge ("private bytes"): 427M, peak: 427M

vm_info: OpenJDK 64-Bit Server VM (21.0.10+7-LTS) for windows-amd64 JRE (21.0.10+7-LTS), built on 2026-01-15T18:39:42Z by "MicrosoftCorporation" with MS VC++ 17.14 (VS2022)

END.
